AutoDock-GPU version: cc2990845c591ac1da85f32028bfb690f2052629-dirty

Running 1 docking calculation

Cuda device:                              NVIDIA A100 80GB PCIe (#1 / 3)
Available memory on device:               80494 MB (total: 81049 MB)

CUDA Setup time 0.412030s

Running Job #1
    Using heuristics: (capped) number of evaluations set to 1132076
    Local-search chosen method is: ADADELTA (ad)

Rest of Setup time 0.005757s

Executing docking runs, stopping automatically after either reaching 0.15 kcal/mol standard deviation of
the best molecules of the last 4 * 5 generations, 42000 generations, or 1132076 evaluations:

Generations |  Evaluations |     Threshold    |  Average energy of best 10%  | Samples | Best Inter + Intra
------------+--------------+------------------+------------------------------+---------+-------------------
          0 |          150 |  143.42 kcal/mol |   30.21 +/-   30.19 kcal/mol |       4 |   -1.64 kcal/mol
          5 |        29849 |  143.42 kcal/mol |    3.77 +/-   20.66 kcal/mol |     122 |   -9.56 kcal/mol
         10 |        56819 |    6.31 kcal/mol |   -9.18 +/-    0.17 kcal/mol |       8 |   -9.57 kcal/mol
         15 |        83050 |   -8.86 kcal/mol |   -9.45 +/-    0.09 kcal/mol |       6 |   -9.57 kcal/mol
         20 |       108877 |   -9.24 kcal/mol |   -9.49 +/-    0.07 kcal/mol |       6 |   -9.59 kcal/mol
         25 |       134538 |   -9.11 kcal/mol |   -9.54 +/-    0.10 kcal/mol |       9 |   -9.78 kcal/mol
         30 |       160330 |   -9.36 kcal/mol |   -9.58 +/-    0.14 kcal/mol |       9 |   -9.81 kcal/mol
         35 |       185813 |   -9.35 kcal/mol |   -9.57 +/-    0.17 kcal/mol |       6 |   -9.90 kcal/mol
         40 |       211107 |   -9.16 kcal/mol |   -9.48 +/-    0.15 kcal/mol |      13 |   -9.90 kcal/mol
         45 |       236593 |   -9.31 kcal/mol |   -9.61 +/-    0.13 kcal/mol |      16 |   -9.92 kcal/mol
         50 |       262084 |   -9.49 kcal/mol |   -9.61 +/-    0.12 kcal/mol |      12 |   -9.93 kcal/mol
         55 |       287674 |   -9.46 kcal/mol |   -9.62 +/-    0.13 kcal/mol |      14 |   -9.93 kcal/mol
         60 |       313547 |   -9.48 kcal/mol |   -9.70 +/-    0.13 kcal/mol |       9 |   -9.93 kcal/mol
         65 |       339362 |   -9.48 kcal/mol |   -9.72 +/-    0.15 kcal/mol |      13 |   -9.95 kcal/mol
         70 |       365206 |   -9.55 kcal/mol |   -9.73 +/-    0.13 kcal/mol |      17 |  -10.00 kcal/mol
         75 |       391439 |   -9.62 kcal/mol |   -9.81 +/-    0.10 kcal/mol |      14 |  -10.00 kcal/mol
         80 |       417680 |   -9.70 kcal/mol |   -9.85 +/-    0.09 kcal/mol |      12 |  -10.00 kcal/mol
         85 |       443809 |   -9.74 kcal/mol |   -9.88 +/-    0.08 kcal/mol |      11 |  -10.00 kcal/mol
------------+--------------+------------------+------------------------------+---------+-------------------

                                   Finished evaluation after reaching
                                   -9.81 +/-    0.12 kcal/mol combined.
                             54 samples, best inter + intra   -10.00 kcal/mol.

Docking time 1.268558s

Shutdown time 0.010051s

Job #1 took 1.284 sec after waiting 0.420 sec for setup

Run time of entire job set (1 file): 1.741 sec
Processing time: 0.037 sec

All jobs ran without errors.
[preflight] kernel[0]: 64.7439 MiB
[preflight] kernel[1]: 64.0000 MiB
[preflight] kernel[2]: 66.9526 MiB
[preflight] kernel[3]: 66.2087 MiB
[preflight] kernel[4]: 64.0000 MiB
[preflight] kernel[5]: 66.9526 MiB
[preflight] kernel[6]: 66.2087 MiB
[preflight] kernel[7]: 64.0000 MiB
[preflight] kernel[8]: 66.9526 MiB
[preflight] kernel[9]: 66.2087 MiB
[preflight] kernel[10]: 64.0000 MiB
[preflight] kernel[11]: 66.9526 MiB
[preflight] kernel[12]: 66.2087 MiB
[preflight] kernel[13]: 64.0000 MiB
[preflight] kernel[14]: 66.9526 MiB
[preflight] kernel[15]: 66.2087 MiB
[preflight] kernel[16]: 64.0000 MiB
[preflight] kernel[17]: 66.9526 MiB
[preflight] kernel[18]: 66.2087 MiB
[preflight] kernel[19]: 64.0000 MiB
[preflight] kernel[20]: 66.9526 MiB
[preflight] kernel[21]: 66.2087 MiB
[preflight] kernel[22]: 64.0000 MiB
[preflight] kernel[23]: 66.9526 MiB
[preflight] kernel[24]: 66.2087 MiB
[preflight] kernel[25]: 64.0000 MiB
[preflight] kernel[26]: 66.9526 MiB
[preflight] kernel[27]: 66.2087 MiB
[preflight] kernel[28]: 64.0000 MiB
[preflight] kernel[29]: 66.9526 MiB
[preflight] kernel[30]: 66.2087 MiB
[preflight] kernel[31]: 64.0000 MiB
[preflight] kernel[32]: 66.9526 MiB
[preflight] kernel[33]: 66.2087 MiB
[preflight] kernel[34]: 64.0000 MiB
[preflight] kernel[35]: 66.9526 MiB
[preflight] kernel[36]: 66.2087 MiB
[preflight] kernel[37]: 64.0000 MiB
[preflight] kernel[38]: 66.9526 MiB
[preflight] kernel[39]: 66.2087 MiB
[preflight] kernel[40]: 64.0000 MiB
[preflight] kernel[41]: 66.9526 MiB
[preflight] kernel[42]: 66.2087 MiB
[preflight] kernel[43]: 64.0000 MiB
[preflight] kernel[44]: 66.9526 MiB
[preflight] kernel[45]: 66.2087 MiB
[preflight] kernel[46]: 64.0000 MiB
[preflight] kernel[47]: 66.9526 MiB
[preflight] kernel[48]: 66.2087 MiB
[preflight] kernel[49]: 64.0000 MiB
[preflight] kernel[50]: 66.9526 MiB
[preflight] kernel[51]: 66.2087 MiB
[preflight] kernel[52]: 64.0000 MiB
[preflight] kernel[53]: 66.9526 MiB
[preflight] kernel[54]: 66.2087 MiB
[preflight] kernel[55]: 64.0000 MiB
[preflight] kernel[56]: 66.9526 MiB
[preflight] kernel[57]: 66.2087 MiB
[preflight] kernel[58]: 64.0000 MiB
[preflight] kernel[59]: 66.9526 MiB
[preflight] kernel[60]: 66.2087 MiB
[preflight] kernel[61]: 64.0000 MiB
[preflight] kernel[62]: 66.9526 MiB
[preflight] kernel[63]: 66.2087 MiB
[preflight] kernel[64]: 64.0000 MiB
[preflight] kernel[65]: 66.9526 MiB
[preflight] kernel[66]: 66.2087 MiB
[preflight] kernel[67]: 64.0000 MiB
[preflight] kernel[68]: 66.9526 MiB
[preflight] kernel[69]: 66.2087 MiB
[preflight] kernel[70]: 64.0000 MiB
[preflight] kernel[71]: 66.9526 MiB
[preflight] kernel[72]: 66.2087 MiB
[preflight] kernel[73]: 64.0000 MiB
[preflight] kernel[74]: 66.9526 MiB
[preflight] kernel[75]: 66.2087 MiB
[preflight] kernel[76]: 64.0000 MiB
[preflight] kernel[77]: 66.9526 MiB
[preflight] kernel[78]: 66.2087 MiB
[preflight] kernel[79]: 64.0000 MiB
[preflight] kernel[80]: 66.9526 MiB
[preflight] kernel[81]: 66.2087 MiB
[preflight] kernel[82]: 64.0000 MiB
[preflight] kernel[83]: 66.9526 MiB
[preflight] kernel[84]: 66.2087 MiB
[preflight] kernel[85]: 64.0000 MiB
[preflight] kernel[86]: 66.9526 MiB
[preflight] kernel[87]: 66.2087 MiB
[preflight] kernel[88]: 64.0000 MiB
[preflight] kernel[89]: 66.9526 MiB
[preflight] kernel[90]: 66.2087 MiB
[preflight] kernel[91]: 64.0000 MiB
[preflight] kernel[92]: 66.9526 MiB
[preflight] kernel[93]: 66.2087 MiB
[preflight] kernel[94]: 64.0000 MiB
[preflight] kernel[95]: 66.9526 MiB
[preflight] kernel[96]: 66.2087 MiB
[preflight] kernel[97]: 64.0000 MiB
[preflight] kernel[98]: 66.9526 MiB
[preflight] kernel[99]: 66.2087 MiB
[preflight] kernel[100]: 64.0000 MiB
[preflight] kernel[101]: 66.9526 MiB
[preflight] kernel[102]: 66.2087 MiB
[preflight] kernel[103]: 64.0000 MiB
[preflight] kernel[104]: 66.9526 MiB
[preflight] kernel[105]: 66.2087 MiB
[preflight] kernel[106]: 64.0000 MiB
[preflight] kernel[107]: 66.9526 MiB
[preflight] kernel[108]: 66.2087 MiB
[preflight] kernel[109]: 64.0000 MiB
[preflight] kernel[110]: 66.9526 MiB
[preflight] kernel[111]: 66.2087 MiB
[preflight] kernel[112]: 64.0000 MiB
[preflight] kernel[113]: 66.9526 MiB
[preflight] kernel[114]: 66.2087 MiB
[preflight] kernel[115]: 64.0000 MiB
[preflight] kernel[116]: 66.9526 MiB
[preflight] kernel[117]: 66.2087 MiB
[preflight] kernel[118]: 64.0000 MiB
[preflight] kernel[119]: 66.9526 MiB
[preflight] kernel[120]: 66.2087 MiB
[preflight] kernel[121]: 64.0000 MiB
[preflight] kernel[122]: 66.9526 MiB
[preflight] kernel[123]: 66.2087 MiB
[preflight] kernel[124]: 64.0000 MiB
[preflight] kernel[125]: 66.9526 MiB
[preflight] kernel[126]: 66.2087 MiB
[preflight] kernel[127]: 64.0000 MiB
[preflight] kernel[128]: 66.9526 MiB
[preflight] kernel[129]: 66.2087 MiB
[preflight] kernel[130]: 64.0000 MiB
[preflight] kernel[131]: 66.9526 MiB
[preflight] kernel[132]: 66.2087 MiB
[preflight] kernel[133]: 64.0000 MiB
[preflight] kernel[134]: 66.9526 MiB
[preflight] kernel[135]: 66.2087 MiB
[preflight] kernel[136]: 64.0000 MiB
[preflight] kernel[137]: 66.9526 MiB
[preflight] kernel[138]: 66.2087 MiB
[preflight] kernel[139]: 64.0000 MiB
[preflight] kernel[140]: 66.9526 MiB
[preflight] kernel[141]: 66.2087 MiB
[preflight] kernel[142]: 64.0000 MiB
[preflight] kernel[143]: 66.9526 MiB
[preflight] kernel[144]: 66.2087 MiB
[preflight] kernel[145]: 64.0000 MiB
[preflight] kernel[146]: 66.9526 MiB
[preflight] kernel[147]: 66.2087 MiB
[preflight] kernel[148]: 64.0000 MiB
[preflight] kernel[149]: 66.9526 MiB
[preflight] kernel[150]: 66.2087 MiB
[preflight] kernel[151]: 64.0000 MiB
[preflight] kernel[152]: 66.9526 MiB
[preflight] kernel[153]: 66.2087 MiB
[preflight] kernel[154]: 64.0000 MiB
[preflight] kernel[155]: 66.9526 MiB
[preflight] kernel[156]: 66.2087 MiB
[preflight] kernel[157]: 64.0000 MiB
[preflight] kernel[158]: 66.9526 MiB
[preflight] kernel[159]: 66.2087 MiB
[preflight] kernel[160]: 64.0000 MiB
[preflight] kernel[161]: 66.9526 MiB
[preflight] kernel[162]: 66.2087 MiB
[preflight] kernel[163]: 64.0000 MiB
[preflight] kernel[164]: 66.9526 MiB
[preflight] kernel[165]: 66.2087 MiB
[preflight] kernel[166]: 64.0000 MiB
[preflight] kernel[167]: 66.9526 MiB
[preflight] kernel[168]: 66.2087 MiB
[preflight] kernel[169]: 64.0000 MiB
[preflight] kernel[170]: 66.9526 MiB
[preflight] kernel[171]: 66.2087 MiB
[preflight] kernel[172]: 64.0000 MiB
[preflight] kernel[173]: 66.9526 MiB
[preflight] kernel[174]: 66.2087 MiB
[preflight] kernel[175]: 64.0000 MiB
[preflight] kernel[176]: 66.9526 MiB
[preflight] kernel[177]: 66.2087 MiB
[preflight] kernel[178]: 64.0000 MiB
[preflight] kernel[179]: 66.9526 MiB
[preflight] kernel[180]: 66.2087 MiB
[preflight] kernel[181]: 64.0000 MiB
[preflight] kernel[182]: 66.9526 MiB
[preflight] kernel[183]: 66.2087 MiB
[preflight] kernel[184]: 64.0000 MiB
[preflight] kernel[185]: 66.9526 MiB
[preflight] kernel[186]: 66.2087 MiB
[preflight] kernel[187]: 64.0000 MiB
[preflight] kernel[188]: 66.9526 MiB
[preflight] kernel[189]: 66.2087 MiB
[preflight] kernel[190]: 64.0000 MiB
[preflight] kernel[191]: 66.9526 MiB
[preflight] kernel[192]: 66.2087 MiB
[preflight] kernel[193]: 64.0000 MiB
[preflight] kernel[194]: 66.9526 MiB
[preflight] kernel[195]: 66.2087 MiB
[preflight] kernel[196]: 64.0000 MiB
[preflight] kernel[197]: 66.9526 MiB
[preflight] kernel[198]: 66.2087 MiB
[preflight] kernel[199]: 64.0000 MiB
[preflight] kernel[200]: 66.9526 MiB
[preflight] kernel[201]: 66.2087 MiB
[preflight] kernel[202]: 64.0000 MiB
[preflight] kernel[203]: 66.9526 MiB
[preflight] kernel[204]: 66.2087 MiB
[preflight] kernel[205]: 64.0000 MiB
[preflight] kernel[206]: 66.9526 MiB
[preflight] kernel[207]: 66.2087 MiB
[preflight] kernel[208]: 64.0000 MiB
[preflight] kernel[209]: 66.9526 MiB
[preflight] kernel[210]: 66.2087 MiB
[preflight] kernel[211]: 64.0000 MiB
[preflight] kernel[212]: 66.9526 MiB
[preflight] kernel[213]: 66.2087 MiB
[preflight] kernel[214]: 64.0000 MiB
[preflight] kernel[215]: 66.9526 MiB
[preflight] kernel[216]: 66.2087 MiB
[preflight] kernel[217]: 64.0000 MiB
[preflight] kernel[218]: 66.9526 MiB
[preflight] kernel[219]: 66.2087 MiB
[preflight] kernel[220]: 64.0000 MiB
[preflight] kernel[221]: 66.9526 MiB
[preflight] kernel[222]: 66.2087 MiB
[preflight] kernel[223]: 64.0000 MiB
[preflight] kernel[224]: 66.9526 MiB
[preflight] kernel[225]: 66.2087 MiB
[preflight] kernel[226]: 64.0000 MiB
[preflight] kernel[227]: 66.9526 MiB
[preflight] kernel[228]: 66.2087 MiB
[preflight] kernel[229]: 64.0000 MiB
[preflight] kernel[230]: 66.9526 MiB
[preflight] kernel[231]: 66.2087 MiB
[preflight] kernel[232]: 64.0000 MiB
[preflight] kernel[233]: 66.9526 MiB
[preflight] kernel[234]: 66.2087 MiB
[preflight] kernel[235]: 64.0000 MiB
[preflight] kernel[236]: 66.9526 MiB
[preflight] kernel[237]: 66.2087 MiB
[preflight] kernel[238]: 64.0000 MiB
[preflight] kernel[239]: 66.9526 MiB
[preflight] kernel[240]: 66.2087 MiB
[preflight] kernel[241]: 64.0000 MiB
[preflight] kernel[242]: 66.9526 MiB
[preflight] kernel[243]: 66.2087 MiB
[preflight] kernel[244]: 64.0000 MiB
[preflight] kernel[245]: 66.9526 MiB
[preflight] kernel[246]: 66.2087 MiB
[preflight] kernel[247]: 64.0000 MiB
[preflight] kernel[248]: 66.9526 MiB
[preflight] kernel[249]: 66.2087 MiB
[preflight] kernel[250]: 64.0000 MiB
[preflight] kernel[251]: 66.9526 MiB
[preflight] kernel[252]: 66.2087 MiB
[preflight] kernel[253]: 64.0000 MiB
[preflight] kernel[254]: 66.9526 MiB
[preflight] kernel[255]: 66.2087 MiB
[preflight] kernel[256]: 64.0000 MiB
[preflight] array[0]: 64.0000 MiB
[preflight] array[1]: 0.0032 MiB
[preflight] array[2]: 0.5000 MiB
[preflight] array[3]: 0.0140 MiB
[preflight] array[4]: 0.0557 MiB
[preflight] array[5]: 0.0042 MiB
[preflight] array[6]: 0.0004 MiB
[preflight] array[7]: 0.0557 MiB
[preflight] array[8]: 0.0002 MiB
[preflight] array[9]: 0.7324 MiB
[preflight] array[10]: 0.0114 MiB
[preflight] array[11]: 0.0114 MiB
[preflight] array[12]: 0.7324 MiB
[preflight] array[13]: 1.4648 MiB
[preflight] array[14]: 2.3163 MiB
[preflight] array[15]: 0.0000 MiB
[preflight] Total array size (MiB): 69.9023
[preflight] Bottleneck kernel data dependency size (MiB): 66.9526
[preflight] Bottleneck / Total: 0.9578
